<?xml version="1.0" encoding="UTF-8"?>
<testng-results ignored="0" total="1" passed="1" failed="0" skipped="0">
  <reporter-output>
  </reporter-output>
  <suite started-at="2023-07-14T15:52:47 IST" name="Default suite" finished-at="2023-07-14T15:53:15 IST" duration-ms="28321">
    <groups>
    </groups>
    <test started-at="2023-07-14T15:52:47 IST" name="Default test" finished-at="2023-07-14T15:53:15 IST" duration-ms="28321">
      <class name="UiAutomation.UiTestScript">
        <test-method is-config="true" signature="login()[pri:0, instance:UiAutomation.UiTestScript@5e81e5ac]" started-at="2023-07-14T15:52:47 IST" name="login" finished-at="2023-07-14T15:52:53 IST" duration-ms="6505" status="PASS">
          <reporter-output>
          </reporter-output>
        </test-method> <!-- login -->
        <test-method signature="UiAutomationScript()[pri:0, instance:UiAutomation.UiTestScript@5e81e5ac]" started-at="2023-07-14T15:52:53 IST" name="UiAutomationScript" finished-at="2023-07-14T15:53:15 IST" duration-ms="21797" status="PASS">
          <reporter-output>
          </reporter-output>
        </test-method> <!-- UiAutomationScript -->
      </class> <!-- UiAutomation.UiTestScript -->
    </test> <!-- Default test -->
  </suite> <!-- Default suite -->
</testng-results>
